=== CURL ROOT ===
  % Total    % Received % Xferd  Average Speed   Time    Time     Time  Current
                                 Dload  Upload   Total   Spent    Left  Speed
  0     0    0     0    0     0      0      0 --:--:-- --:--:-- --:--:--     0  0     0    0     0    0     0      0      0 --:--:-- --:--:-- --:--:--     0  0 16468    0     0    0     0      0      0 --:--:-- --:--:-- --:--:--     0
HTTP/2 200 
server: GitHub.com
content-type: text/html; charset=utf-8
last-modified: Fri, 24 Jul 2026 04:10:08 GMT
access-control-allow-origin: *
strict-transport-security: max-age=31556952
etag: "6a62e5a0-4054"
expires: Fri, 24 Jul 2026 04:55:55 GMT
cache-control: max-age=600
x-proxy-cache: MISS
x-github-request-id: C732:139754:92CD15:AA3FF2:6A62EE02
accept-ranges: bytes
age: 404
date: Fri, 24 Jul 2026 04:52:39 GMT
via: 1.1 varnish
x-served-by: cache-dfw-kdfw8210134-DFW
x-cache: HIT
x-cache-hits: 0
x-timer: S1784868759.213098,VS0,VE2
vary: Accept-Encoding
x-fastly-request-id: 5423f656c652a3ddae05911390d90b1e319f1f6f
content-length: 16468

=== CURL BOOTSTRAP ===
  % Total    % Received % Xferd  Average Speed   Time    Time     Time  Current
                                 Dload  Upload   Total   Spent    Left  Speed
  0     0    0     0    0     0      0      0 --:--:-- --:--:-- --:--:--     0  0 10020    0     0    0     0      0      0 --:--:-- --:--:-- --:--:--     0
HTTP/2 200 
server: GitHub.com
content-type: application/javascript; charset=utf-8
last-modified: Fri, 24 Jul 2026 04:10:08 GMT
access-control-allow-origin: *
strict-transport-security: max-age=31556952
etag: "6a62e5a0-2724"
expires: Fri, 24 Jul 2026 04:52:09 GMT
cache-control: max-age=600
x-proxy-cache: MISS
x-github-request-id: DB22:18DF10:DA87B3:E930FB:6A62ED1F
accept-ranges: bytes
age: 0
date: Fri, 24 Jul 2026 04:52:39 GMT
via: 1.1 varnish
x-served-by: cache-dfw-kdfw8210038-DFW
x-cache: HIT
x-cache-hits: 0
x-timer: S1784868759.279379,VS0,VE53
vary: Accept-Encoding
x-fastly-request-id: 7e437c63f3682912b1bbcbf3b7bddb75cd5c31bf
content-length: 10020

=== CURL MAIN ===
  % Total    % Received % Xferd  Average Speed   Time    Time     Time  Current
                                 Dload  Upload   Total   Spent    Left  Speed
  0     0    0     0    0     0      0      0 --:--:-- --:--:-- --:--:--     0  0 5996k    0     0    0     0      0      0 --:--:-- --:--:-- --:--:--     0
HTTP/2 200 
server: GitHub.com
content-type: application/javascript; charset=utf-8
last-modified: Fri, 24 Jul 2026 04:10:08 GMT
access-control-allow-origin: *
strict-transport-security: max-age=31556952
etag: "6a62e5a0-5db139"
expires: Fri, 24 Jul 2026 05:02:39 GMT
cache-control: max-age=600
x-proxy-cache: MISS
x-github-request-id: 1C54:BABF5:97EE5B:AFA5C7:6A62EF97
accept-ranges: bytes
age: 0
date: Fri, 24 Jul 2026 04:52:39 GMT
via: 1.1 varnish
x-served-by: cache-dfw-kdfw8210028-DFW
x-cache: MISS
x-cache-hits: 0
x-timer: S1784868759.397156,VS0,VE294
vary: Accept-Encoding
x-fastly-request-id: 6c2c3e5ff4acd3a5bbbd0bfd064b3582afb1e9bd
content-length: 6140217

=== CURL CANVASKIT CDN ===
  % Total    % Received % Xferd  Average Speed   Time    Time     Time  Current
                                 Dload  Upload   Total   Spent    Left  Speed
  0     0    0     0    0     0      0      0 --:--:-- --:--:-- --:--:--     0  0 86859    0     0    0     0      0      0 --:--:-- --:--:-- --:--:--     0
HTTP/2 200 
accept-ranges: bytes
vary: Accept-Encoding
content-type: text/javascript
content-length: 86859
access-control-allow-origin: *
content-security-policy-report-only: require-trusted-types-for 'script'; report-uri https://csp.withgoogle.com/csp/flutter-team
cross-origin-resource-policy: cross-origin
cross-origin-opener-policy: same-origin; report-to="flutter-team"
report-to: {"group":"flutter-team","max_age":2592000,"endpoints":[{"url":"https://csp.withgoogle.com/csp/report-to/flutter-team"}]}
date: Fri, 24 Jul 2026 04:52:39 GMT
expires: Sat, 24 Jul 2027 04:52:39 GMT
cache-control: public, max-age=31536000
last-modified: Thu, 18 Jun 2026 17:52:45 GMT
x-content-type-options: nosniff
server: sffe
x-xss-protection: 0
alt-svc: h3=":443"; ma=2592000,h3-29=":443"; ma=2592000

